
Showing logs for build [32mcb-kubecd-environment-pr-230-12-bwwzb-1[0m stage [32mfrom-build-pack[0m and container [32mstep-credential-initializer-qrlzz[0m
{"level":"info","ts":1590203838.4662805,"logger":"fallback-logger","caller":"logging/config.go:69","msg":"Fetch GitHub commit ID from kodata failed: open /var/run/ko/refs/heads/0.8.0-ns-support: no such file or directory"}
{"level":"info","ts":1590203838.46727,"logger":"fallback-logger","caller":"creds-init/main.go:40","msg":"Credentials initialized."}

Showing logs for build [32mcb-kubecd-environment-pr-230-12-bwwzb-1[0m stage [32mfrom-build-pack[0m and container [32mstep-working-dir-initializer-62hbm[0m
{"level":"info","ts":1590203839.8412793,"logger":"fallback-logger","caller":"logging/config.go:69","msg":"Fetch GitHub commit ID from kodata failed: open /var/run/ko/HEAD: no such file or directory"}
{"level":"info","ts":1590203839.8426692,"logger":"fallback-logger","caller":"bash/main.go:64","msg":"Successfully executed command \"sh -c mkdir -p /workspace/source\"; output "}

Showing logs for build [32mcb-kubecd-environment-pr-230-12-bwwzb-1[0m stage [32mfrom-build-pack[0m and container [32mstep-place-tools[0m

Showing logs for build [32mcb-kubecd-environment-pr-230-12-bwwzb-1[0m stage [32mfrom-build-pack[0m and container [32mstep-git-source-cb-kubecd-environment-pr-230-12-bwwzb-twn6b[0m
{"level":"info","ts":1590203843.9490392,"logger":"fallback-logger","caller":"logging/config.go:69","msg":"Fetch GitHub commit ID from kodata failed: open /var/run/ko/refs/heads/0.8.0-ns-support: no such file or directory"}
{"level":"info","ts":1590203845.0046713,"logger":"fallback-logger","caller":"git/git.go:103","msg":"Successfully cloned https://github.com/cb-kubecd/environment-pr-230-12-gke-upgrade-production.git @ master in path /workspace/source"}

Showing logs for build [32mcb-kubecd-environment-pr-230-12-bwwzb-1[0m stage [32mfrom-build-pack[0m and container [32mstep-git-merge[0m
Using SHAs from PULL_REFS=master:f29ebfe2164aac7a1585b2d120878759b39432f3,1:e01c5e72a0043c99b0e7ab7d85760ecb58e4da6d
DEBUG: LC_ALL=C JX_LOG_LEVEL=error git fetch origin --unshallow e01c5e72a0043c99b0e7ab7d85760ecb58e4da6d: f29ebfe2164aac7a1585b2d120878759b39432f3:
DEBUG: ran git fetch --unshallow origin e01c5e72a0043c99b0e7ab7d85760ecb58e4da6d: f29ebfe2164aac7a1585b2d120878759b39432f3: in 
DEBUG: LC_ALL=C JX_LOG_LEVEL=error git branch
DEBUG: LC_ALL=C JX_LOG_LEVEL=error git checkout master
DEBUG: ran git checkout master in 
DEBUG: JX_LOG_LEVEL=error LC_ALL=C git reset --hard f29ebfe2164aac7a1585b2d120878759b39432f3
DEBUG: ran git reset --hard f29ebfe2164aac7a1585b2d120878759b39432f3 in 
DEBUG: LC_ALL=C JX_LOG_LEVEL=error git clean -fd .
DEBUG: ran clean --force -d . in 
DEBUG: LC_ALL=C JX_LOG_LEVEL=error git merge e01c5e72a0043c99b0e7ab7d85760ecb58e4da6d
DEBUG: ran git merge e01c5e72a0043c99b0e7ab7d85760ecb58e4da6d in 
DEBUG: LC_ALL=C JX_LOG_LEVEL=error git log --format=%H%x1f%an%x1f%ae%x1f%cn%x1f%ce%x1f%s%n%b%x1e f29ebfe2164aac7a1585b2d120878759b39432f3..HEAD
Merged SHA e01c5e72a0043c99b0e7ab7d85760ecb58e4da6d with commit message 'chore: Promote bdd-spring-1590202430 to version 0.0.1' into base branch master

Showing logs for build [32mcb-kubecd-environment-pr-230-12-bwwzb-1[0m stage [32mfrom-build-pack[0m and container [32mstep-build-helm-build[0m
WARNING: No $CHART_REPOSITORY defined so using the default value of: http://jenkins-x-chartmuseum:8080
Adding missing Helm repo: storage.googleapis.com https://storage.googleapis.com/chartmuseum.jenkins-x.io
WARNING: No secrets found on "helm/repos" due: reading the secret "helm/repos" from vault: no secret "helm/repos" not found in vault
Read credentials for https://storage.googleapis.com/chartmuseum.jenkins-x.io from vault helm/repos
Successfully added Helm repository storage.googleapis.com.
Adding missing Helm repo: jenkins-x-chartmuseum http://jenkins-x-chartmuseum:8080
WARNING: No secrets found on "helm/repos" due: reading the secret "helm/repos" from vault: no secret "helm/repos" not found in vault
Read credentials for http://jenkins-x-chartmuseum:8080 from vault helm/repos
Successfully added Helm repository jenkins-x-chartmuseum.
WARNING: No $CHART_REPOSITORY defined so using the default value of: http://jenkins-x-chartmuseum:8080
Adding missing Helm repo: chartmuseum.jenkins-x.io http://chartmuseum.jenkins-x.io
WARNING: No secrets found on "helm/repos" due: reading the secret "helm/repos" from vault: no secret "helm/repos" not found in vault
Read credentials for http://chartmuseum.jenkins-x.io from vault helm/repos
Successfully added Helm repository chartmuseum.jenkins-x.io.
